
Copyright (C) 1994-2020 Synopsys, Inc.
This Synopsys software and all associated documentation are proprietary to Synopsys, Inc.
and may only be used pursuant to the terms and conditions of a written license agreement
with Synopsys, Inc. All other use, reproduction, modification, or distribution of the
Synopsys software or the associated documentation is strictly prohibited.
Tool: Synplify Pro (R)
Build: Q-2020.03LR-SP1-1
Install: C:\lscc\radiant\2.2\synpbase
OS: Windows 6.2

Hostname: DESKTOP-3K3974S

Implementation : impl_1
Synopsys HDL compiler and linker, Version comp202003synp2, Build 246R, Built Mar  2 2021 09:27:53, @

Modified Files: 12
FID:  path (prevtimestamp, timestamp)
0        C:\Users\ubu\my_designs\led_ice40up_bb\source\impl_1\counter_top.vhd (N/A, 2021-04-28 16:35:22)
1        C:\lscc\radiant\2.2\cae_library\synthesis\vhdl\iCE40UP.vhd (N/A, 2018-08-22 00:34:57)
2        C:\lscc\radiant\2.2\ip\pmi\pmi_iCE40UP.vhd (N/A, 2020-05-11 04:58:11)
3        C:\lscc\radiant\2.2\synpbase\lib\vhd\arith.vhd (N/A, 2021-03-02 21:41:50)
4        C:\lscc\radiant\2.2\synpbase\lib\vhd\hyperents.vhd (N/A, 2021-03-02 21:41:50)
5        C:\lscc\radiant\2.2\synpbase\lib\vhd\location.map (N/A, 2021-03-04 08:46:06)
6        C:\lscc\radiant\2.2\synpbase\lib\vhd\numeric.vhd (N/A, 2021-03-02 21:41:50)
7        C:\lscc\radiant\2.2\synpbase\lib\vhd\snps_haps_pkg.vhd (N/A, 2021-03-02 21:41:50)
8        C:\lscc\radiant\2.2\synpbase\lib\vhd\std.vhd (N/A, 2021-03-02 21:41:50)
9        C:\lscc\radiant\2.2\synpbase\lib\vhd\std1164.vhd (N/A, 2021-03-02 21:41:50)
10       C:\lscc\radiant\2.2\synpbase\lib\vhd\umr_capim.vhd (N/A, 2021-03-02 21:41:50)
11       C:\lscc\radiant\2.2\synpbase\lib\vhd\unsigned.vhd (N/A, 2021-03-02 21:41:50)

*******************************************************************
Modules that may have changed as a result of file changes: 1
MID:  lib.cell.view
0        work.counter.behavioral may have changed because the following files changed:
                        C:\Users\ubu\my_designs\led_ice40up_bb\source\impl_1\counter_top.vhd (N/A, 2021-04-28 16:35:22) <-- (architecture and entity definition)

*******************************************************************
Unmodified files: 0
FID:  path (timestamp)

*******************************************************************
Unchanged modules: 0
MID:  lib.cell.view
