
Copyright (C) 1994-2020 Synopsys, Inc.
This Synopsys software and all associated documentation are proprietary to Synopsys, Inc.
and may only be used pursuant to the terms and conditions of a written license agreement
with Synopsys, Inc. All other use, reproduction, modification, or distribution of the
Synopsys software or the associated documentation is strictly prohibited.
Tool: Synplify Pro (R)
Build: Q-2020.03LR-SP1-1
Install: C:\lscc\radiant\2.2\synpbase
OS: Windows 6.2

Hostname: DESKTOP-3K3974S

Implementation : impl_1

# Written on Wed Apr 28 16:35:35 2021

##### DESIGN INFO #######################################################

Top View:                "Counter"
Constraint File(s):      (none)




##### SUMMARY ############################################################

Found 0 issues in 0 out of 0 constraints


##### DETAILS ############################################################



Clock Relationships
*******************

Starting        Ending          |     rise to rise     |     fall to fall     |     rise to fall     |     fall to rise                     
-------------------------------------------------------------------------------------------------------------------------------------------
Counter|clk     Counter|clk     |     5.000            |     No paths         |     No paths         |     No paths                         
===========================================================================================================================================
 Note: 'No paths' indicates there are no paths in the design for that pair of clock edges.
       'Diff grp' indicates that paths exist but the starting clock and ending clock are in different clock groups.


Unconstrained Start/End Points
******************************

p:en
p:led[0]
p:led[1]
p:led[2]
p:rst


Inapplicable constraints
************************

(none)


Applicable constraints with issues
**********************************

(none)


Constraints with matching wildcard expressions
**********************************************

(none)


Library Report
**************


# End of Constraint Checker Report
