Running in Lattice mode

Starting:    C:\lscc\radiant\2.2\synpbase\bin64\mbin\synbatch.exe
Install:     C:\lscc\radiant\2.2\synpbase
Hostname:    DESKTOP-3K3974S
Date:        Wed Apr 28 16:35:29 2021
Version:     Q-2020.03LR-SP1-1

Arguments:   -product synplify_pro -batch led_ice40up_bb_impl_1_synplify.tcl
ProductType: synplify_pro




"force_gsr" is unrecognized option for current device
log file: "C:\Users\ubu\my_designs\led_ice40up_bb\impl_1\rev_1\iCE40UP.srr"
Running: hdl_info_gen in foreground

Generating HDL info...

hdl_info_gen completed
# Wed Apr 28 16:35:30 2021

Return Code: 0
Run Time:00h:00m:00s
log file: "C:\Users\ubu\my_designs\led_ice40up_bb\impl_1\led_ice40up_bb_impl_1.srr"
Running: impl_1 in foreground

Running proj_1|impl_1

Running Flow: compile (Compile) on proj_1|impl_1
# Wed Apr 28 16:35:30 2021

Running Flow: compile_flow (Compile Process) on proj_1|impl_1
# Wed Apr 28 16:35:30 2021

Running: compiler (Compile Input) on proj_1|impl_1
# Wed Apr 28 16:35:30 2021
Copied C:\Users\ubu\my_designs\led_ice40up_bb\impl_1\synwork\led_ice40up_bb_impl_1_comp.srs to C:\Users\ubu\my_designs\led_ice40up_bb\impl_1\led_ice40up_bb_impl_1.srs

compiler completed
# Wed Apr 28 16:35:34 2021

Return Code: 0
Run Time:00h:00m:04s

Running: multi_srs_gen (Multi-srs Generator) on proj_1|impl_1
# Wed Apr 28 16:35:34 2021

multi_srs_gen completed
# Wed Apr 28 16:35:34 2021

Return Code: 0
Run Time:00h:00m:00s
Copied C:\Users\ubu\my_designs\led_ice40up_bb\impl_1\synwork\led_ice40up_bb_impl_1_mult.srs to C:\Users\ubu\my_designs\led_ice40up_bb\impl_1\led_ice40up_bb_impl_1.srs
Copied C:\Users\ubu\my_designs\led_ice40up_bb\impl_1\led_ice40up_bb_impl_1.srr to C:\Users\ubu\my_designs\led_ice40up_bb\impl_1\led_ice40up_bb_impl_1.srf
Complete: Compile Process on proj_1|impl_1

Running: premap (Premap) on proj_1|impl_1
# Wed Apr 28 16:35:34 2021

premap completed with warnings
# Wed Apr 28 16:35:36 2021

Return Code: 1
Run Time:00h:00m:02s
Complete: Compile on proj_1|impl_1

Running Flow: map (Map) on proj_1|impl_1
# Wed Apr 28 16:35:36 2021

Running: fpga_mapper (Map & Optimize) on proj_1|impl_1
# Wed Apr 28 16:35:36 2021
Copied C:\Users\ubu\my_designs\led_ice40up_bb\impl_1\synwork\led_ice40up_bb_impl_1_m.srm to C:\Users\ubu\my_designs\led_ice40up_bb\impl_1\led_ice40up_bb_impl_1.srm

fpga_mapper completed with warnings
# Wed Apr 28 16:35:38 2021

Return Code: 1
Run Time:00h:00m:02s
Complete: Map on proj_1|impl_1
Copied C:\Users\ubu\my_designs\led_ice40up_bb\impl_1\led_ice40up_bb_impl_1.srr to C:\Users\ubu\my_designs\led_ice40up_bb\impl_1\led_ice40up_bb_impl_1.srf
Complete: Logic Synthesis on proj_1|impl_1
TCL script complete: "led_ice40up_bb_impl_1_synplify.tcl"
exit status=0
exit status=0
Save changes for project:
C:\Users\ubu\my_designs\led_ice40up_bb\impl_1\proj_1.prj
batch mode default:no
